<?xml version="1.0" encoding="UTF-8"?>
<!-- Generated by org.testng.reporters.JUnitReportReporter -->
<testsuite skipped="0" hostname="PC-May2015" name="zsquared.validateNavbarLandingPage" tests="1" failures="0" timestamp="2021-02-15T09:04:22 CST" time="0.409" errors="0">
  <testcase name="basePageNavigation" time="0.409" classname="zsquared.validateNavbarLandingPage"/>
  <system-out/>
</testsuite> <!-- zsquared.validateNavbarLandingPage -->
