<?xml version="1.0" encoding="UTF-8"?>
<!-- Generated by org.testng.reporters.JUnitReportReporter -->
<testsuite skipped="0" hostname="PC-May2015" name="zsquared.HomePage" tests="2" failures="0" timestamp="2021-02-15T09:04:22 CST" time="49.447" errors="0">
  <testcase name="basePageNavigation" time="23.885" classname="zsquared.HomePage"/>
  <system-out/>
  <testcase name="basePageNavigation" time="25.562" classname="zsquared.HomePage"/>
  <system-out/>
</testsuite> <!-- zsquared.HomePage -->
