<?xml version="1.0" encoding="UTF-8"?>
<!-- Generated by org.testng.reporters.JUnitReportReporter -->
<testsuite skipped="0" hostname="PC-May2015" name="com.zsquared.testng.Day1" tests="2" failures="0" timestamp="2021-02-08T16:52:36 CST" time="0.020" errors="0">
  <testcase name="Demo" time="0.013" classname="com.zsquared.testng.Day1"/>
  <system-out/>
  <testcase name="Demo2" time="0.007" classname="com.zsquared.testng.Day1"/>
  <system-out/>
</testsuite> <!-- com.zsquared.testng.Day1 -->
