<?xml version="1.0" encoding="UTF-8"?>
<!-- Generated by org.testng.reporters.JUnitReportReporter -->
<testsuite skipped="0" hostname="PC-May2015" name="com.zsquared.testng.Day2" tests="1" failures="0" timestamp="2021-02-08T16:52:36 CST" time="0.002" errors="0">
  <testcase name="Demo3" time="0.002" classname="com.zsquared.testng.Day2"/>
  <system-out/>
</testsuite> <!-- com.zsquared.testng.Day2 -->
