<?xml version="1.0" encoding="UTF-8"?>
<!-- Generated by org.testng.reporters.JUnitReportReporter -->
<testsuite skipped="0" hostname="PC-May2015" name="zsquared.ExtentReports.ExtentReportDemo" tests="1" failures="0" timestamp="2021-02-10T16:09:56 CST" time="25.062" errors="0">
  <testcase name="initialDemoTest" time="25.062" classname="zsquared.ExtentReports.ExtentReportDemo"/>
  <system-out/>
</testsuite> <!-- zsquared.ExtentReports.ExtentReportDemo -->
